This is pdfTeXk, Version 3.141592-1.40.3 (Web2C 7.5.6) (format=pdflatex 2013.7.16)  30 JUL 2018 09:47
entering extended mode
 %&-line parsing enabled.
**maus-pub
(./maus-pub.tex
LaTeX2e <2005/12/01>
Babel <v3.8h> and hyphenation patterns for english, usenglishmax, dumylang, noh
yphenation, arabic, basque, bulgarian, coptic, welsh, czech, slovak, german, ng
erman, danish, esperanto, spanish, catalan, galician, estonian, farsi, finnish,
 french, greek, monogreek, ancientgreek, croatian, hungarian, interlingua, ibyc
us, indonesian, icelandic, italian, latin, mongolian, dutch, norsk, polish, por
tuguese, pinyin, romanian, russian, slovenian, uppersorbian, serbian, swedish, 
turkish, ukenglish, ukrainian, loaded.
(./JINST.cls
Document Class: JINST 2014/06/17 v1.0.3 LaTeX document class - P.D.
(/usr/share/texmf/tex/generic/oberdiek/ifpdf.sty
Package: ifpdf 2006/02/20 v1.4 Provides the ifpdf switch (HO)
Package ifpdf Info: pdfTeX in pdf mode detected.
)
(/usr/share/texmf/tex/latex/amsfonts/amssymb.sty
Package: amssymb 2002/01/22 v2.2d

(/usr/share/texmf/tex/latex/amsfonts/amsfonts.sty
Package: amsfonts 2001/10/25 v2.2f
\@emptytoks=\toks14
\symAMSa=\mathgroup4
\symAMSb=\mathgroup5
LaTeX Font Info:    Overwriting math alphabet `\mathfrak' in version `bold'
(Font)                  U/euf/m/n --> U/euf/b/n on input line 132.
))
(/usr/share/texmf/tex/latex/base/fontenc.sty
Package: fontenc 2005/09/27 v1.99g Standard LaTeX package

(/usr/share/texmf/tex/latex/base/t1enc.def
File: t1enc.def 2005/09/27 v1.99g Standard LaTeX file
LaTeX Font Info:    Redeclaring font encoding T1 on input line 43.
))
(/usr/share/texmf/tex/latex/psnfss/times.sty
Package: times 2005/04/12 PSNFSS-v9.2a (SPQR) 
)
(/usr/share/texmf/tex/latex/psnfss/mathptmx.sty
Package: mathptmx 2005/04/12 PSNFSS-v9.2a Times w/ Math, improved (SPQR, WaS) 
LaTeX Font Info:    Redeclaring symbol font `operators' on input line 28.
LaTeX Font Info:    Overwriting symbol font `operators' in version `normal'
(Font)                  OT1/cmr/m/n --> OT1/ztmcm/m/n on input line 28.
LaTeX Font Info:    Overwriting symbol font `operators' in version `bold'
(Font)                  OT1/cmr/bx/n --> OT1/ztmcm/m/n on input line 28.
LaTeX Font Info:    Redeclaring symbol font `letters' on input line 29.
LaTeX Font Info:    Overwriting symbol font `letters' in version `normal'
(Font)                  OML/cmm/m/it --> OML/ztmcm/m/it on input line 29.
LaTeX Font Info:    Overwriting symbol font `letters' in version `bold'
(Font)                  OML/cmm/b/it --> OML/ztmcm/m/it on input line 29.
LaTeX Font Info:    Redeclaring symbol font `symbols' on input line 30.
LaTeX Font Info:    Overwriting symbol font `symbols' in version `normal'
(Font)                  OMS/cmsy/m/n --> OMS/ztmcm/m/n on input line 30.
LaTeX Font Info:    Overwriting symbol font `symbols' in version `bold'
(Font)                  OMS/cmsy/b/n --> OMS/ztmcm/m/n on input line 30.
LaTeX Font Info:    Redeclaring symbol font `largesymbols' on input line 31.
LaTeX Font Info:    Overwriting symbol font `largesymbols' in version `normal'
(Font)                  OMX/cmex/m/n --> OMX/ztmcm/m/n on input line 31.
LaTeX Font Info:    Overwriting symbol font `largesymbols' in version `bold'
(Font)                  OMX/cmex/m/n --> OMX/ztmcm/m/n on input line 31.
\symbold=\mathgroup6
\symitalic=\mathgroup7
LaTeX Font Info:    Redeclaring math alphabet \mathbf on input line 34.
LaTeX Font Info:    Overwriting math alphabet `\mathbf' in version `normal'
(Font)                  OT1/cmr/bx/n --> OT1/ptm/bx/n on input line 34.
LaTeX Font Info:    Overwriting math alphabet `\mathbf' in version `bold'
(Font)                  OT1/cmr/bx/n --> OT1/ptm/bx/n on input line 34.
LaTeX Font Info:    Redeclaring math alphabet \mathit on input line 35.
LaTeX Font Info:    Overwriting math alphabet `\mathit' in version `normal'
(Font)                  OT1/cmr/m/it --> OT1/ptm/m/it on input line 35.
LaTeX Font Info:    Overwriting math alphabet `\mathit' in version `bold'
(Font)                  OT1/cmr/bx/it --> OT1/ptm/m/it on input line 35.
LaTeX Info: Redefining \hbar on input line 50.
)
(/usr/share/texmf/tex/latex/graphics/graphicx.sty
Package: graphicx 1999/02/16 v1.0f Enhanced LaTeX Graphics (DPC,SPQR)

(/usr/share/texmf/tex/latex/graphics/keyval.sty
Package: keyval 1999/03/16 v1.13 key=value parser (DPC)
\KV@toks@=\toks15
)
(/usr/share/texmf/tex/latex/graphics/graphics.sty
Package: graphics 2006/02/20 v1.0o Standard LaTeX Graphics (DPC,SPQR)

(/usr/share/texmf/tex/latex/graphics/trig.sty
Package: trig 1999/03/16 v1.09 sin cos tan (DPC)
)
(/usr/share/texmf/tex/latex/config/graphics.cfg
File: graphics.cfg 2007/01/18 v1.5 graphics configuration of teTeX/TeXLive
)
Package graphics Info: Driver file: pdftex.def on input line 90.

(/usr/share/texmf/tex/latex/pdftex-def/pdftex.def
File: pdftex.def 2007/01/08 v0.04d Graphics/color for pdfTeX
\Gread@gobject=\count79
))
\Gin@req@height=\dimen102
\Gin@req@width=\dimen103
)
\symforjmath=\mathgroup8

(/usr/share/texmf/tex/latex/base/size11.clo
File: size11.clo 2005/09/16 v1.4f Standard LaTeX file (size option)
)
(/usr/share/texmf/tex/plain/misc/pdfcolor.tex)
\titlesk@ja=\skip41
\titlesk@jb=\skip42
\titlesk@jc=\skip43
\c@part=\count80
\c@section=\count81
\c@subsection=\count82
\c@subsubsection=\count83
\c@paragraph=\count84
\c@subparagraph=\count85
\prev@t=\toks16
\cur@t=\toks17
\@firstaubox=\box26
\addr@skip=\skip44
\auth@skip=\skip45
\Jcopy@date=\box27
\Jspecial@url=\box28
\Jpaper@url=\box29
LaTeX Font Info:    Try loading font information for T1+pcr on input line 818.

(/usr/share/texmf/tex/latex/psnfss/t1pcr.fd
File: t1pcr.fd 2001/06/04 font definitions for T1/pcr.
)
\c@figure=\count86
\c@table=\count87
\c@OptionTest=\count88
\@tmpbox=\box30
\figbox=\box31
\tabbox=\box32
\pagebox=\box33
\ffigcount=\count89
\ftabcount=\count90
\hangcount=\count91
\nosuccesstryfig=\count92
\nosuccesstrytab=\count93
\figgutter=\dimen104
\tabgutter=\dimen105
\fl@wd=\dimen106
\fl@ht=\dimen107
\htdone=\dimen108
\pageht=\dimen109
\startpageht=\dimen110
\floatfltwidth=\dimen111
\fltitemwidth=\dimen112
\outputpretest=\toks18
\abovecaptionskip=\skip46
\belowcaptionskip=\skip47
\bibindent=\dimen113


Class JINST Warning: ATTENTION!!! watermark disabled. Add it with pdftk (use co
mpilaJINSTpdflatex for instance).

) (/usr/share/texmf/tex/latex/html/url.sty
Package: url 1999/03/02  ver 1.4  Verb mode for urls, email addresses, and file
 names
)
(/usr/share/texmf/tex/latex/placeins/placeins.sty
Package: placeins 2005/04/18  v 2.2
)
(/usr/share/texmf/tex/latex/lineno/lineno.sty
Package: lineno 2005/11/02 line numbers on paragraphs v4.41
\linenopenalty=\count94
\output=\toks19
\linenoprevgraf=\count95
\linenumbersep=\dimen114
\linenumberwidth=\dimen115
\c@linenumber=\count96
\c@pagewiselinenumber=\count97
\c@LN@truepage=\count98
\c@internallinenumber=\count99
\c@internallinenumbers=\count100
\quotelinenumbersep=\dimen116
\bframerule=\dimen117
\bframesep=\dimen118
\bframebox=\box34
LaTeX Info: Redefining \\ on input line 3056.
) (./maus-pub.aux)
\openout1 = `maus-pub.aux'.

LaTeX Font Info:    Checking defaults for OML/cmm/m/it on input line 22.
LaTeX Font Info:    ... okay on input line 22.
LaTeX Font Info:    Checking defaults for T1/cmr/m/n on input line 22.
LaTeX Font Info:    ... okay on input line 22.
LaTeX Font Info:    Checking defaults for OT1/cmr/m/n on input line 22.
LaTeX Font Info:    ... okay on input line 22.
LaTeX Font Info:    Checking defaults for OMS/cmsy/m/n on input line 22.
LaTeX Font Info:    ... okay on input line 22.
LaTeX Font Info:    Checking defaults for OMX/cmex/m/n on input line 22.
LaTeX Font Info:    ... okay on input line 22.
LaTeX Font Info:    Checking defaults for U/cmr/m/n on input line 22.
LaTeX Font Info:    ... okay on input line 22.
LaTeX Font Info:    Try loading font information for T1+ptm on input line 22.

(/usr/share/texmf/tex/latex/psnfss/t1ptm.fd
File: t1ptm.fd 2001/06/04 font definitions for T1/ptm.
)
\big@size=\dimen119
LaTeX Font Info:    Try loading font information for OT1+ztmcm on input line 22
.

(/usr/share/texmf/tex/latex/psnfss/ot1ztmcm.fd
File: ot1ztmcm.fd 2000/01/03 Fontinst v1.801 font definitions for OT1/ztmcm.
)
LaTeX Font Info:    Try loading font information for OML+ztmcm on input line 22
.

(/usr/share/texmf/tex/latex/psnfss/omlztmcm.fd
File: omlztmcm.fd 2000/01/03 Fontinst v1.801 font definitions for OML/ztmcm.
)
LaTeX Font Info:    Try loading font information for OMS+ztmcm on input line 22
.

(/usr/share/texmf/tex/latex/psnfss/omsztmcm.fd
File: omsztmcm.fd 2000/01/03 Fontinst v1.801 font definitions for OMS/ztmcm.
)
LaTeX Font Info:    Try loading font information for OMX+ztmcm on input line 22
.

(/usr/share/texmf/tex/latex/psnfss/omxztmcm.fd
File: omxztmcm.fd 2000/01/03 Fontinst v1.801 font definitions for OMX/ztmcm.
)
LaTeX Font Info:    Try loading font information for OT1+ptm on input line 22.

(/usr/share/texmf/tex/latex/psnfss/ot1ptm.fd
File: ot1ptm.fd 2001/06/04 font definitions for OT1/ptm.
)
LaTeX Font Info:    Font shape `OT1/ptm/bx/n' in size <10.95> not available
(Font)              Font shape `OT1/ptm/b/n' tried instead on input line 22.
LaTeX Font Info:    Font shape `OT1/ptm/bx/n' in size <8> not available
(Font)              Font shape `OT1/ptm/b/n' tried instead on input line 22.
LaTeX Font Info:    Font shape `OT1/ptm/bx/n' in size <6> not available
(Font)              Font shape `OT1/ptm/b/n' tried instead on input line 22.
LaTeX Font Info:    Try loading font information for T1+phv on input line 22.

(/usr/share/texmf/tex/latex/psnfss/t1phv.fd
File: t1phv.fd 2001/06/04 scalable font definitions for T1/phv.
)
LaTeX Font Info:    Font shape `T1/phv/bx/n' in size <17.28> not available
(Font)              Font shape `T1/phv/b/n' tried instead on input line 22.
LaTeX Font Info:    Font shape `T1/ptm/bx/n' in size <10.95> not available
(Font)              Font shape `T1/ptm/b/n' tried instead on input line 22.
LaTeX Font Info:    Font shape `T1/phv/bx/n' in size <10.95> not available
(Font)              Font shape `T1/phv/b/n' tried instead on input line 22.
LaTeX Font Info:    Font shape `T1/phv/bx/n' in size <10> not available
(Font)              Font shape `T1/phv/b/n' tried instead on input line 22.
LaTeX Font Info:    Font shape `T1/ptm/bx/n' in size <10> not available
(Font)              Font shape `T1/ptm/b/n' tried instead on input line 22.
 [0

{/var/lib/texmf/fonts/map/pdftex/updmap/pdftex.map}]
LaTeX Font Info:    Font shape `T1/ptm/bx/n' in size <12> not available
(Font)              Font shape `T1/ptm/b/n' tried instead on input line 22.
 (./maus-pub.toc)
\tf@toc=\write3
\openout3 = `maus-pub.toc'.

 [1]
<figs/step4-layout.pdf, id=121, 818.2091pt x 242.61732pt>
File: figs/step4-layout.pdf Graphic file (type pdf)

<use figs/step4-layout.pdf> [2 <./figs/step4-layout.pdf>] [3]

pdfTeX warning: pdflatex (file ./figs/map_reduce.pdf): PDF inclusion: found PDF
 version <1.5>, but at most version <1.4> allowed
<figs/map_reduce.pdf, id=190, 344.28625pt x 177.66376pt>
File: figs/map_reduce.pdf Graphic file (type pdf)

<use figs/map_reduce.pdf>

pdfTeX warning: pdflatex (file ./figs/api.pdf): PDF inclusion: found PDF versio
n <1.5>, but at most version <1.4> allowed
<figs/api.pdf, id=192, 964.60374pt x 698.61pt>
File: figs/api.pdf Graphic file (type pdf)
 <use figs/api.pdf> [4 <./figs/map_reduce.pdf

pdfTeX warning: pdflatex (file ./figs/map_reduce.pdf): PDF inclusion: Page Grou
p detected which pdfTeX can't handle. Ignoring it.
>]
Underfull \vbox (badness 3354) has occurred while \output is active []

 [5 <./figs/api.pdf

pdfTeX warning: pdflatex (file ./figs/api.pdf): PDF inclusion: Page Group detec
ted which pdfTeX can't handle. Ignoring it.
>]

pdfTeX warning: pdflatex (file ./figs/spill_datastructure.pdf): PDF inclusion: 
found PDF version <1.5>, but at most version <1.4> allowed
<figs/spill_datastructure.pdf, id=240, 726.715pt x 210.7875pt>
File: figs/spill_datastructure.pdf Graphic file (type pdf)

<use figs/spill_datastructure.pdf>

pdfTeX warning: pdflatex (file ./figs/mc_datastructure.pdf): PDF inclusion: fou
nd PDF version <1.5>, but at most version <1.4> allowed
<figs/mc_datastructure.pdf, id=241, 1086.0575pt x 544.0325pt>
File: figs/mc_datastructure.pdf Graphic file (type pdf)

<use figs/mc_datastructure.pdf>

pdfTeX warning: pdflatex (file ./figs/recon_datastructure.pdf): PDF inclusion: 
found PDF version <1.5>, but at most version <1.4> allowed
<figs/recon_datastructure.pdf, id=242, 637.38126pt x 294.09875pt>
File: figs/recon_datastructure.pdf Graphic file (type pdf)

<use figs/recon_datastructure.pdf>

pdfTeX warning: pdflatex (file ./figs/ckov_datastructure.pdf): PDF inclusion: f
ound PDF version <1.5>, but at most version <1.4> allowed
<figs/ckov_datastructure.pdf, id=243, 210.7875pt x 377.41pt>
File: figs/ckov_datastructure.pdf Graphic file (type pdf)

<use figs/ckov_datastructure.pdf>

pdfTeX warning: pdflatex (file ./figs/emr_datastructure.pdf): PDF inclusion: fo
und PDF version <1.5>, but at most version <1.4> allowed
<figs/emr_datastructure.pdf, id=244, 205.76875pt x 627.34375pt>
File: figs/emr_datastructure.pdf Graphic file (type pdf)

<use figs/emr_datastructure.pdf>

pdfTeX warning: pdflatex (file ./figs/kl_datastructure.pdf): PDF inclusion: fou
nd PDF version <1.5>, but at most version <1.4> allowed
<figs/kl_datastructure.pdf, id=245, 299.1175pt x 377.41pt>
File: figs/kl_datastructure.pdf Graphic file (type pdf)

<use figs/kl_datastructure.pdf>

pdfTeX warning: pdflatex (file ./figs/scifi_datastructure.pdf): PDF inclusion: 
found PDF version <1.5>, but at most version <1.4> allowed
<figs/scifi_datastructure.pdf, id=246, 1284.8pt x 460.72125pt>
File: figs/scifi_datastructure.pdf Graphic file (type pdf)

<use figs/scifi_datastructure.pdf>

pdfTeX warning: pdflatex (file ./figs/tof_datastructure.pdf): PDF inclusion: fo
und PDF version <1.5>, but at most version <1.4> allowed
<figs/tof_datastructure.pdf, id=247, 1278.7775pt x 460.72125pt>
File: figs/tof_datastructure.pdf Graphic file (type pdf)

<use figs/tof_datastructure.pdf> [6] [7 <./figs/spill_datastructure.pdf

pdfTeX warning: pdflatex (file ./figs/spill_datastructure.pdf): PDF inclusion: 
Page Group detected which pdfTeX can't handle. Ignoring it.
> <./figs/mc_datastructure.pdf

pdfTeX warning: pdflatex (file ./figs/mc_datastructure.pdf): PDF inclusion: Pag
e Group detected which pdfTeX can't handle. Ignoring it.
>] [8 <./figs/recon_datastructure.pdf

pdfTeX warning: pdflatex (file ./figs/recon_datastructure.pdf): PDF inclusion: 
Page Group detected which pdfTeX can't handle. Ignoring it.
> <./figs/ckov_datastructure.pdf

pdfTeX warning: pdflatex (file ./figs/ckov_datastructure.pdf): PDF inclusion: P
age Group detected which pdfTeX can't handle. Ignoring it.
> <./figs/emr_datastructure.pdf

pdfTeX warning: pdflatex (file ./figs/emr_datastructure.pdf): PDF inclusion: Pa
ge Group detected which pdfTeX can't handle. Ignoring it.
> <./figs/kl_datastructure.pdf

pdfTeX warning: pdflatex (file ./figs/kl_datastructure.pdf): PDF inclusion: Pag
e Group detected which pdfTeX can't handle. Ignoring it.
>] [9 <./figs/scifi_datastructure.pdf

pdfTeX warning: pdflatex (file ./figs/scifi_datastructure.pdf): PDF inclusion: 
Page Group detected which pdfTeX can't handle. Ignoring it.
> <./figs/tof_datastructure.pdf

pdfTeX warning: pdflatex (file ./figs/tof_datastructure.pdf): PDF inclusion: Pa
ge Group detected which pdfTeX can't handle. Ignoring it.
>]

pdfTeX warning: pdflatex (file ./figs/top_level.pdf): PDF inclusion: found PDF 
version <1.5>, but at most version <1.4> allowed
<figs/top_level.pdf, id=327, 1237.62375pt x 350.30875pt>
File: figs/top_level.pdf Graphic file (type pdf)

<use figs/top_level.pdf>
Overfull \hbox (12.90565pt too wide) in paragraph at lines 186--187
 [][] 
 []

<figs/maus_process_diagram.pdf, id=329, 1292.83pt x 793.96625pt>
File: figs/maus_process_diagram.pdf Graphic file (type pdf)

<use figs/maus_process_diagram.pdf> [10

 <./figs/top_level.pdf

pdfTeX warning: pdflatex (file ./figs/top_level.pdf): PDF inclusion: Page Group
 detected which pdfTeX can't handle. Ignoring it.
>] [11 <./figs/maus_process_diagram.pdf>] [12]
Overfull \hbox (12.82503pt too wide) in paragraph at lines 268--269
[]\T1/ptm/m/n/10.95 The ac-cel-er-a-tor mod-el-ing rou-tines in MAUS have been 
val-i-dated against ICOOL and G4Beamline
 []

[13] [14] [15] [16] (./maus-pub.bbl [17]) [18] (./maus-pub.aux) ) 
Here is how much of TeX's memory you used:
 2310 strings out of 256216
 26699 string characters out of 1917072
 79647 words of memory out of 1500000
 5413 multiletter control sequences out of 10000+200000
 65138 words of font info for 87 fonts, out of 1200000 for 2000
 645 hyphenation exceptions out of 8191
 32i,6n,26p,1186b,281s stack positions out of 5000i,500n,6000p,200000b,15000s
{/usr/share/te
xmf/fonts/enc/dvips/base/8r.enc}</usr/share/texmf/fonts/type1/bluesky/cm/cmsy10
.pfb></usr/share/texmf/fonts/type1/urw/courier/ucrr8a.pfb></usr/share/texmf/fon
ts/type1/urw/helvetic/uhvb8a.pfb></usr/share/texmf/fonts/type1/urw/helvetic/uhv
r8a.pfb></usr/share/texmf/fonts/type1/urw/times/utmb8a.pfb></usr/share/texmf/fo
nts/type1/urw/times/utmr8a.pfb></usr/share/texmf/fonts/type1/urw/times/utmri8a.
pfb>
Output written on maus-pub.pdf (19 pages, 325172 bytes).
PDF statistics:
 490 PDF objects out of 1000 (max. 8388607)
 119 named destinations out of 1000 (max. 131072)
 66 words of extra memory for PDF output out of 10000 (max. 10000000)

